==196986== Memcheck, a memory error detector
==196986== Copyright (C) 2002-2017, and GNU GPL'd, by Julian Seward et al.
==196986== Using Valgrind-3.15.0 and LibVEX; rerun with -h for copyright info
==196986== Command: ./fdf.out test_maps/10-2.fdf
==196986== Parent PID: 191686
==196986== 
==196986== 
==196986== Process terminating with default action of signal 11 (SIGSEGV)
==196986==  Bad permissions for mapped region at address 0x108000
==196986==    at 0x108000: ??? (in /nfs/homes/vsa-port/42porto/42porto/FdF/fdf.out)
==196986==    by 0x1: ???
==196986==    by 0x1FFF0006A6: ???
==196986==    by 0x1FFF0006B0: ???
==196986== 
==196986== HEAP SUMMARY:
==196986==     in use at exit: 0 bytes in 0 blocks
==196986==   total heap usage: 0 allocs, 0 frees, 0 bytes allocated
==196986== 
==196986== All heap blocks were freed -- no leaks are possible
==196986== 
==196986== ERROR SUMMARY: 0 errors from 0 contexts (suppressed: 0 from 0)
